<?xml version="1.0" encoding="UTF-8"?>
<testng-results ignored="0" total="1" passed="1" failed="0" skipped="0">
  <reporter-output>
  </reporter-output>
  <suite started-at="2025-06-09T16:08:02 ICT" name="Default suite" finished-at="2025-06-09T16:08:12 ICT" duration-ms="10299">
    <groups>
    </groups>
    <test started-at="2025-06-09T16:08:02 ICT" name="Default test" finished-at="2025-06-09T16:08:12 ICT" duration-ms="10299">
      <class name="tests.AutomationPracticeFormTest">
        <test-method is-config="true" signature="setUp()[pri:0, instance:tests.AutomationPracticeFormTest@66d3eec0]" started-at="2025-06-09T16:08:02 ICT" name="setUp" finished-at="2025-06-09T16:08:08 ICT" duration-ms="6213" status="PASS">
          <reporter-output>
          </reporter-output>
        </test-method> <!-- setUp -->
        <test-method signature="submitDataSuccessfully()[pri:0, instance:tests.AutomationPracticeFormTest@66d3eec0]" started-at="2025-06-09T16:08:08 ICT" name="submitDataSuccessfully" finished-at="2025-06-09T16:08:12 ICT" duration-ms="4035" status="PASS">
          <reporter-output>
          </reporter-output>
        </test-method> <!-- submitDataSuccessfully -->
      </class> <!-- tests.AutomationPracticeFormTest -->
    </test> <!-- Default test -->
  </suite> <!-- Default suite -->
</testng-results>
