<?xml version="1.0" encoding="UTF-8"?>
<testng-results ignored="0" total="1" passed="1" failed="0" skipped="0">
  <reporter-output>
  </reporter-output>
  <suite started-at="2025-07-22T18:31:30 ICT" name="Default suite" finished-at="2025-07-22T18:31:46 ICT" duration-ms="16030">
    <groups>
    </groups>
    <test started-at="2025-07-22T18:31:30 ICT" name="Default test" finished-at="2025-07-22T18:31:46 ICT" duration-ms="16030">
      <class name="tests.AutomationPracticeFormTest">
        <test-method is-config="true" signature="setUp()[pri:0, instance:tests.AutomationPracticeFormTest@543588e6]" started-at="2025-07-22T18:31:30 ICT" name="setUp" finished-at="2025-07-22T18:31:43 ICT" duration-ms="12473" status="PASS">
          <reporter-output>
          </reporter-output>
        </test-method> <!-- setUp -->
        <test-method signature="submitDataSuccessfully()[pri:0, instance:tests.AutomationPracticeFormTest@543588e6]" started-at="2025-07-22T18:31:43 ICT" name="submitDataSuccessfully" finished-at="2025-07-22T18:31:46 ICT" duration-ms="3523" status="PASS">
          <reporter-output>
          </reporter-output>
        </test-method> <!-- submitDataSuccessfully -->
      </class> <!-- tests.AutomationPracticeFormTest -->
    </test> <!-- Default test -->
  </suite> <!-- Default suite -->
</testng-results>
